#-----------------------------------------------------------
# Vivado v2015.4 (64-bit)
# SW Build 1412921 on Wed Nov 18 09:43:45 MST 2015
# IP Build 1412160 on Tue Nov 17 13:47:24 MST 2015
# Start of session at: Mon May 23 23:40:11 2016
# Process ID: 7620
# Current directory: C:/Users/Nathan/Documents/Vivado ECE 205/UDCounter
# Command line: vivado.exe -gui_launcher_event rodinguilauncherevent6596 C:\Users\Nathan\Documents\Vivado ECE 205\UDCounter\UDCounter.xpr
# Log file: C:/Users/Nathan/Documents/Vivado ECE 205/UDCounter/vivado.log
# Journal file: C:/Users/Nathan/Documents/Vivado ECE 205/UDCounter\vivado.jou
#-----------------------------------------------------------
start_gui
open_project {C:/Users/Nathan/Documents/Vivado ECE 205/UDCounter/UDCounter.xpr}
Scanning sources...
Finished scanning sources
INFO: [IP_Flow 19-234] Refreshing IP repositories
INFO: [IP_Flow 19-1704] No user IP repositories specified
INFO: [IP_Flow 19-2313] Loaded Vivado IP repository 'C:/Xilinx/Vivado/2015.4/data/ip'.
open_project: Time (s): cpu = 00:00:16 ; elapsed = 00:00:06 . Memory (MB): peak = 748.973 ; gain = 176.852
exit
INFO: [Common 17-206] Exiting Vivado at Tue May 24 00:29:43 2016...
